<?xml version="1.0" encoding="UTF-8"?>
<!-- Generated by org.testng.reporters.JUnitReportReporter -->
<testsuite hostname="DESKTOP-O8NFI4N" failures="0" tests="1" name="Test.TestCases" time="6.055" errors="0" timestamp="2022-12-01T16:28:11 IST" skipped="0">
  <testcase classname="Test.TestCases" name="HomePageTest" time="6.055"/>
  <system-out/>
</testsuite> <!-- Test.TestCases -->
